/usr/local/lib/python3.11/dist-packages/pydantic/_internal/_config.py:383: UserWarning: Valid config keys have changed in V2:
* 'orm_mode' has been renamed to 'from_attributes'
  warnings.warn(message, UserWarning)
INFO:     Started server process [4042]
INFO:     Waiting for application startup.
INFO:     Application startup complete.
INFO:     Uvicorn running on http://0.0.0.0:8000 (Press CTRL+C to quit)
✅ Wealth fund scheduler started (testing every 5 hours)
[2026-03-09 17:52:20.024762+03:00] Task completion scheduler started (runs daily at 12:00 AM).
Registering user: 080979211 with country code +254
Checking if user exists: +254080979211
2026-03-09 10:52:28,412 INFO sqlalchemy.engine.Engine select pg_catalog.version()
2026-03-09 10:52:28,412 INFO sqlalchemy.engine.Engine [raw sql] ()
2026-03-09 10:52:28,498 INFO sqlalchemy.engine.Engine select current_schema()
2026-03-09 10:52:28,498 INFO sqlalchemy.engine.Engine [raw sql] ()
2026-03-09 10:52:28,612 INFO sqlalchemy.engine.Engine show standard_conforming_strings
2026-03-09 10:52:28,613 INFO sqlalchemy.engine.Engine [raw sql] ()
2026-03-09 10:52:28,698 INFO sqlalchemy.engine.Engine BEGIN (implicit)
2026-03-09 10:52:28,765 INFO sqlalchemy.engine.Engine SELECT users.id, users.number, users.country_code, users.password, users.referral_code, users.referred_by, users.is_admin, users.is_suspended, users.withdrawal_pin, users.created_at 
FROM users 
WHERE users.number = $1::VARCHAR
2026-03-09 10:52:28,765 INFO sqlalchemy.engine.Engine [generated in 0.00037s] ('+254080979211',)
2026-03-09 10:52:28,853 INFO sqlalchemy.engine.Engine SELECT users.id, users.number, users.country_code, users.password, users.referral_code, users.referred_by, users.is_admin, users.is_suspended, users.withdrawal_pin, users.created_at 
FROM users 
WHERE users.referral_code = $1::VARCHAR
2026-03-09 10:52:28,853 INFO sqlalchemy.engine.Engine [generated in 0.00023s] ('7WXBEW',)
2026-03-09 10:52:28,913 INFO sqlalchemy.engine.Engine SELECT users.id 
FROM users 
 LIMIT $1::INTEGER
2026-03-09 10:52:28,913 INFO sqlalchemy.engine.Engine [generated in 0.00027s] (1,)
2026-03-09 10:52:29,128 INFO sqlalchemy.engine.Engine INSERT INTO users (number, country_code, password, referral_code, referred_by, is_admin, is_suspended, withdrawal_pin, created_at) VALUES ($1::VARCHAR, $2::VARCHAR, $3::VARCHAR, $4::VARCHAR, $5::INTEGER, $6::BOOLEAN, $7::BOOLEAN, $8::VARCHAR, $9::TIMESTAMP WITHOUT TIME ZONE) RETURNING users.id
2026-03-09 10:52:29,128 INFO sqlalchemy.engine.Engine [generated in 0.00146s] ('+254080979211', '+254', '$argon2id$v=19$m=65536,t=3,p=4$xvj/PwdgjFHqnTNmbO09pw$IbT4dxkLvvV9zdfKnaAQ2qjuxY5p0SEk3HIsWo31uco', '7WXBEW', None, False, False, None, datetime.datetime(2026, 3, 9, 14, 52, 29, 127928))
2026-03-09 10:52:29,189 INFO sqlalchemy.engine.Engine COMMIT
2026-03-09 10:52:29,221 INFO sqlalchemy.engine.Engine BEGIN (implicit)
2026-03-09 10:52:29,223 INFO sqlalchemy.engine.Engine SELECT users.id, users.number, users.country_code, users.password, users.referral_code, users.referred_by, users.is_admin, users.is_suspended, users.withdrawal_pin, users.created_at 
FROM users 
WHERE users.id = $1::INTEGER
2026-03-09 10:52:29,223 INFO sqlalchemy.engine.Engine [generated in 0.00020s] (94,)
2026-03-09 10:52:29,312 INFO sqlalchemy.engine.Engine INSERT INTO wallets (user_id, balance, income) VALUES ($1::INTEGER, $2::FLOAT, $3::FLOAT) RETURNING wallets.id
2026-03-09 10:52:29,312 INFO sqlalchemy.engine.Engine [generated in 0.00024s] (94, 0.0, 0.0)
2026-03-09 10:52:29,369 INFO sqlalchemy.engine.Engine COMMIT
INFO:     127.0.0.1:39226 - "POST /auth/register HTTP/1.1" 201 Created
ion shutdown complete.
INFO:     Finished server process [3442]
